Environment variables:
  - =::=::\
  - =A:=A:\
  - =C:=C:\Users\kushana
  - =D:=D:\data\git_projects\platform\coverage
  - =F:=F:\
  - ALLUSERSPROFILE=C:\ProgramData
  - APPDATA=C:\Users\kushana\AppData\Roaming
  - COMPUTERNAME=SLLAP0015
  - ComSpec=C:\WINDOWS\system32\cmd.exe
  - CommonProgramFiles=C:\Program Files\Common Files
  - CommonProgramFiles(x86)=C:\Program Files (x86)\Common Files
  - CommonProgramW6432=C:\Program Files\Common Files
  - ERROR_CODE=0
  - FPS_BROWSER_APP_PROFILE_STRING=Internet Explorer
  - FPS_BROWSER_USER_PROFILE_STRING=Default
  - HOMEDRIVE=C:
  - HOMEPATH=\Users\kushana
  - JAVA_EXEC="D:\software\sonar-scanner-3.0.3.778-windows\bin\..\jre\bin\java.exe"
  - JAVA_HOME=D:\software\sonar-scanner-3.0.3.778-windows\bin\..\jre
  - LOCALAPPDATA=C:\Users\kushana\AppData\Local
  - LOGONSERVER=\\MITRAI-AD2
  - NUMBER_OF_PROCESSORS=4
  - OS=Windows_NT
  - OneDrive=C:\Users\kushana\OneDrive
  - PATHEXT=.COM;.EXE;.BAT;.CMD;.VBS;.VBE;.JS;.JSE;.WSF;.WSH;.MSC
  - PROCESSOR_ARCHITECTURE=AMD64
  - PROCESSOR_IDENTIFIER=Intel64 Family 6 Model 142 Stepping 9, GenuineIntel
  - PROCESSOR_LEVEL=6
  - PROCESSOR_REVISION=8e09
  - PROJECT_HOME=D:\data\git_projects\platform\coverage
  - PROMPT=$P$G
  - PSModulePath=C:\Program Files\WindowsPowerShell\Modules;C:\WINDOWS\system32\WindowsPowerShell\v1.0\Modules
  - PUBLIC=C:\Users\Public
  - Path=C:\Program Files\Docker\Docker\Resources\bin;C:\ProgramData\Oracle\Java\javapath;C:\Program Files (x86)\Intel\Intel(R) Management Engine Components\iCLS\;C:\Program Files\Intel\Intel(R) Management Engine Components\iCLS\;C:\WINDOWS\system32;C:\WINDOWS;C:\WINDOWS\System32\Wbem;C:\WINDOWS\System32\WindowsPowerShell\v1.0\;C:\Program Files (x86)\Intel\Intel(R) Management Engine Components\DAL;C:\Program Files\Intel\Intel(R) Management Engine Components\DAL;C:\Program Files (x86)\Intel\Intel(R) Management Engine Components\IPT;C:\Program Files\Intel\Intel(R) Management Engine Components\IPT;C:\Program Files (x86)\Skype\Phone\;C:\Program Files\Git\cmd;D:\software\nodejs\;C:\Program Files\PuTTY\;D:\software\apache-ant-1.10.1-bin;D:\software\apache-maven-3.5.0\bin;D:\software\apache-tomcat-8.5.16\bin;D:\software\sonar-scanner-3.0.3.778-windows\bin;C:\Users\kushana\AppData\Local\Microsoft\WindowsApps;C:\Users\kushana\AppData\Roaming\npm;C:\Program Files\Microsoft VS Code\bin
  - ProgramData=C:\ProgramData
  - ProgramFiles=C:\Program Files
  - ProgramFiles(x86)=C:\Program Files (x86)
  - ProgramW6432=C:\Program Files
  - SESSIONNAME=Console
  - SONAR_SCANNER_HOME=D:\software\sonar-scanner-3.0.3.778-windows\bin\..
  - SystemDrive=C:
  - SystemRoot=C:\WINDOWS
  - TEMP=C:\Users\kushana\AppData\Local\Temp
  - TMP=C:\Users\kushana\AppData\Local\Temp
  - USERDNSDOMAIN=MITRAI.LOCAL
  - USERDOMAIN=MITRAI
  - USERDOMAIN_ROAMINGPROFILE=MITRAI
  - USERNAME=KushanA
  - USERPROFILE=C:\Users\kushana
  - VBOX_MSI_INSTALL_PATH=D:\software\VirtualBox\
  - scriptdir=D:\software\sonar-scanner-3.0.3.778-windows\bin
  - use_embedded_jre=true
  - windir=C:\WINDOWS
System properties:
  - awt.toolkit=sun.awt.windows.WToolkit
  - file.encoding=Cp1252
  - file.encoding.pkg=sun.io
  - file.separator=\
  - java.awt.graphicsenv=sun.awt.Win32GraphicsEnvironment
  - java.awt.headless=true
  - java.awt.printerjob=sun.awt.windows.WPrinterJob
  - java.class.path=D:\software\sonar-scanner-3.0.3.778-windows\bin\..\lib\sonar-scanner-cli-3.0.3.778.jar
  - java.class.version=52.0
  - java.endorsed.dirs=D:\software\sonar-scanner-3.0.3.778-windows\jre\lib\endorsed
  - java.ext.dirs=D:\software\sonar-scanner-3.0.3.778-windows\jre\lib\ext;C:\WINDOWS\Sun\Java\lib\ext
  - java.home=D:\software\sonar-scanner-3.0.3.778-windows\jre
  - java.io.tmpdir=C:\Users\kushana\AppData\Local\Temp\
  - java.library.path=D:\software\sonar-scanner-3.0.3.778-windows\jre\bin;C:\WINDOWS\Sun\Java\bin;C:\WINDOWS\system32;C:\WINDOWS;C:\Program Files\Docker\Docker\Resources\bin;C:\ProgramData\Oracle\Java\javapath;C:\Program Files (x86)\Intel\Intel(R) Management Engine Components\iCLS\;C:\Program Files\Intel\Intel(R) Management Engine Components\iCLS\;C:\WINDOWS\system32;C:\WINDOWS;C:\WINDOWS\System32\Wbem;C:\WINDOWS\System32\WindowsPowerShell\v1.0\;C:\Program Files (x86)\Intel\Intel(R) Management Engine Components\DAL;C:\Program Files\Intel\Intel(R) Management Engine Components\DAL;C:\Program Files (x86)\Intel\Intel(R) Management Engine Components\IPT;C:\Program Files\Intel\Intel(R) Management Engine Components\IPT;C:\Program Files (x86)\Skype\Phone\;C:\Program Files\Git\cmd;D:\software\nodejs\;C:\Program Files\PuTTY\;D:\software\apache-ant-1.10.1-bin;D:\software\apache-maven-3.5.0\bin;D:\software\apache-tomcat-8.5.16\bin;D:\software\sonar-scanner-3.0.3.778-windows\bin;C:\Users\kushana\AppData\Local\Microsoft\WindowsApps;C:\Users\kushana\AppData\Roaming\npm;C:\Program Files\Microsoft VS Code\bin;.
  - java.runtime.name=Java(TM) SE Runtime Environment
  - java.runtime.version=1.8.0_121-b13
  - java.specification.name=Java Platform API Specification
  - java.specification.vendor=Oracle Corporation
  - java.specification.version=1.8
  - java.vendor=Oracle Corporation
  - java.vendor.url=http://java.oracle.com/
  - java.vendor.url.bug=http://bugreport.sun.com/bugreport/
  - java.version=1.8.0_121
  - java.vm.info=mixed mode
  - java.vm.name=Java HotSpot(TM) 64-Bit Server VM
  - java.vm.specification.name=Java Virtual Machine Specification
  - java.vm.specification.vendor=Oracle Corporation
  - java.vm.specification.version=1.8
  - java.vm.vendor=Oracle Corporation
  - java.vm.version=25.121-b13
  - line.separator=

  - os.arch=amd64
  - os.name=Windows 10
  - os.version=10.0
  - path.separator=;
  - project.home=D:\data\git_projects\platform\coverage
  - scanner.home=D:\software\sonar-scanner-3.0.3.778-windows\bin\..
  - sun.arch.data.model=64
  - sun.boot.class.path=D:\software\sonar-scanner-3.0.3.778-windows\jre\lib\resources.jar;D:\software\sonar-scanner-3.0.3.778-windows\jre\lib\rt.jar;D:\software\sonar-scanner-3.0.3.778-windows\jre\lib\sunrsasign.jar;D:\software\sonar-scanner-3.0.3.778-windows\jre\lib\jsse.jar;D:\software\sonar-scanner-3.0.3.778-windows\jre\lib\jce.jar;D:\software\sonar-scanner-3.0.3.778-windows\jre\lib\charsets.jar;D:\software\sonar-scanner-3.0.3.778-windows\jre\lib\jfr.jar;D:\software\sonar-scanner-3.0.3.778-windows\jre\classes
  - sun.boot.library.path=D:\software\sonar-scanner-3.0.3.778-windows\jre\bin
  - sun.cpu.endian=little
  - sun.cpu.isalist=amd64
  - sun.desktop=windows
  - sun.io.unicode.encoding=UnicodeLittle
  - sun.java.command=org.sonarsource.scanner.cli.Main -Dsonar.login=admin -Dsonar.password=admin -Dsonar.host.url=http://192.168.1.3:9000 -X
  - sun.java.launcher=SUN_STANDARD
  - sun.jnu.encoding=Cp1252
  - sun.management.compiler=HotSpot 64-Bit Tiered Compilers
  - sun.os.patch.level=
  - sun.stderr.encoding=cp437
  - sun.stdout.encoding=cp437
  - user.country=US
  - user.dir=D:\data\git_projects\platform\coverage
  - user.home=C:\Users\kushana
  - user.language=en
  - user.name=KushanA
  - user.script=
  - user.timezone=Asia/Colombo
  - user.variant=
SonarQube plugins:
  - SonarC# 6.5.0.3766 (csharp)
  - SonarPython 1.8.0.1496 (python)
  - SonarJava 4.15.0.12310 (java)
  - Flex 2.3 (flex)
  - SonarQube :: Plugins :: SCM :: Git 1.3.0.869 (scmgit)
  - SonarXML 1.4.3.1027 (xml)
  - SonarPHP 2.11.0.2485 (php)
  - SonarTS 1.1.0.1079 (typescript)
  - SonarQube :: Plugins :: SCM :: SVN 1.6.0.860 (scmsvn)
  - SonarJS 3.2.0.5506 (javascript)
Global properties:
  - sonar.core.id=AWFKBJzb-3dyZD3D2E-4
  - sonar.core.startTime=2018-01-31T02:21:09+0000
Settings for module: platform:server
  - sonar.moduleKey=platform:server
  - sonar.projectBaseDir=D:\data\git_projects\platform\server
  - sonar.projectKey=platform:server
  - sonar.projectName=Server
